<?xml version="1.0" encoding="UTF-8"?>
<!-- Generated by org.testng.reporters.JUnitReportReporter -->
<testsuite hostname="DESKTOP-TAL6K7K" failures="0" tests="1" name="SeleniumProgram.Prog3" time="0.002" errors="0" timestamp="2024-06-13T19:40:12 IST" skipped="0">
  <testcase classname="SeleniumProgram.Prog3" name="Adding_wishlist" time="0.002"/>
  <system-out/>
</testsuite> <!-- SeleniumProgram.Prog3 -->
