<?xml version="1.0" encoding="UTF-8"?>
<!-- Generated by org.testng.reporters.JUnitReportReporter -->
<testsuite hostname="DESKTOP-TAL6K7K" failures="0" tests="1" name="SeleniumProgram.Prog5" time="0.002" errors="0" timestamp="2024-06-13T19:40:12 IST" skipped="0">
  <testcase classname="SeleniumProgram.Prog5" name="logout_Amazon" time="0.002"/>
  <system-out/>
</testsuite> <!-- SeleniumProgram.Prog5 -->
