<?xml version="1.0" encoding="UTF-8"?>
<!-- Generated by org.testng.reporters.JUnitReportReporter -->
<testsuite hostname="DESKTOP-TAL6K7K" failures="0" tests="3" name="Amazon_Ten_Scenarios.TC4" time="202.405" errors="0" timestamp="2024-06-25T00:56:20 IST" skipped="0">
  <testcase classname="Amazon_Ten_Scenarios.TC4" name="selectMobilecover" time="93.980"/>
  <system-out/>
  <testcase classname="Amazon_Ten_Scenarios.TC4" name="selectMobilecover" time="40.972"/>
  <system-out/>
  <testcase classname="Amazon_Ten_Scenarios.TC4" name="selectMobilecover" time="67.453"/>
  <system-out/>
</testsuite> <!-- Amazon_Ten_Scenarios.TC4 -->
