<?xml version="1.0" encoding="UTF-8"?>
<!-- Generated by org.testng.reporters.JUnitReportReporter -->
<testsuite hostname="DESKTOP-TAL6K7K" failures="0" tests="5" name="SeleniumProgram.DataProvider_Register" time="30.834" errors="0" timestamp="2024-06-22T17:51:07 IST" skipped="0">
  <testcase classname="SeleniumProgram.DataProvider_Register" name="testcase1" time="5.220"/>
  <system-out/>
  <testcase classname="SeleniumProgram.DataProvider_Register" name="testcase1" time="4.426"/>
  <system-out/>
  <testcase classname="SeleniumProgram.DataProvider_Register" name="testcase1" time="7.366"/>
  <system-out/>
  <testcase classname="SeleniumProgram.DataProvider_Register" name="testcase1" time="8.627"/>
  <system-out/>
  <testcase classname="SeleniumProgram.DataProvider_Register" name="testcase1" time="5.195"/>
  <system-out/>
</testsuite> <!-- SeleniumProgram.DataProvider_Register -->
