<?xml version="1.0" encoding="UTF-8"?>
<!-- Generated by org.testng.reporters.JUnitReportReporter -->
<testsuite hostname="DESKTOP-TAL6K7K" failures="0" tests="3" name="SeleniumProgram.Par_Test" time="56.409" errors="0" timestamp="2024-06-22T17:53:17 IST" skipped="0">
  <testcase classname="SeleniumProgram.Par_Test" name="testcase1" time="16.432"/>
  <system-out/>
  <testcase classname="SeleniumProgram.Par_Test" name="testcase1" time="19.463"/>
  <system-out/>
  <testcase classname="SeleniumProgram.Par_Test" name="testcase1" time="20.514"/>
  <system-out/>
</testsuite> <!-- SeleniumProgram.Par_Test -->
