<?xml version="1.0" encoding="UTF-8"?>
<!-- Generated by org.testng.reporters.JUnitReportReporter -->
<testsuite hostname="DESKTOP-TAL6K7K" failures="0" tests="5" name="SeleniumProgram.DataProvider_login" time="26.539" errors="0" timestamp="2024-06-21T23:59:33 IST" skipped="0">
  <testcase classname="SeleniumProgram.DataProvider_login" name="launch" time="4.050"/>
  <system-out/>
  <testcase classname="SeleniumProgram.DataProvider_login" name="launch" time="5.392"/>
  <system-out/>
  <testcase classname="SeleniumProgram.DataProvider_login" name="launch" time="5.012"/>
  <system-out/>
  <testcase classname="SeleniumProgram.DataProvider_login" name="launch" time="6.619"/>
  <system-out/>
  <testcase classname="SeleniumProgram.DataProvider_login" name="launch" time="5.466"/>
  <system-out/>
</testsuite> <!-- SeleniumProgram.DataProvider_login -->
