<?xml version="1.0" encoding="UTF-8"?>
<!-- Generated by org.testng.reporters.JUnitReportReporter -->
<testsuite hostname="DESKTOP-TAL6K7K" failures="0" tests="3" name="SeleniumProgram.Group_class" time="0.041" errors="0" timestamp="2024-06-25T12:36:09 IST" skipped="0">
  <testcase classname="SeleniumProgram.Group_class" name="Testcase1" time="0.031"/>
  <system-out/>
  <testcase classname="SeleniumProgram.Group_class" name="Testcase4" time="0.004"/>
  <system-out/>
  <testcase classname="SeleniumProgram.Group_class" name="Testcase3" time="0.006"/>
  <system-out/>
</testsuite> <!-- SeleniumProgram.Group_class -->
