<?xml version="1.0" encoding="UTF-8"?>
<!-- Generated by org.testng.reporters.JUnitReportReporter -->
<testsuite hostname="DESKTOP-TAL6K7K" failures="0" tests="3" name="SeleniumProgram.Annotations_Class" time="0.026" errors="0" timestamp="2024-06-13T20:16:44 IST" skipped="0">
  <testcase classname="SeleniumProgram.Annotations_Class" name="testcase1" time="0.012"/>
  <system-out/>
  <testcase classname="SeleniumProgram.Annotations_Class" name="testcase2" time="0.006"/>
  <system-out/>
  <testcase classname="SeleniumProgram.Annotations_Class" name="testcase3" time="0.008"/>
  <system-out/>
</testsuite> <!-- SeleniumProgram.Annotations_Class -->
