<?xml version="1.0" encoding="UTF-8"?>
<!-- Generated by org.testng.reporters.JUnitReportReporter -->
<testsuite hostname="DESKTOP-TAL6K7K" failures="0" tests="4" name="SeleniumProgram.DataProvider_Ex" time="0.034" errors="0" timestamp="2024-06-25T12:39:20 IST" skipped="0">
  <testcase classname="SeleniumProgram.DataProvider_Ex" name="testcase1" time="0.022"/>
  <system-out/>
  <testcase classname="SeleniumProgram.DataProvider_Ex" name="testcase1" time="0.002"/>
  <system-out/>
  <testcase classname="SeleniumProgram.DataProvider_Ex" name="testcase1" time="0.005"/>
  <system-out/>
  <testcase classname="SeleniumProgram.DataProvider_Ex" name="testcase1" time="0.005"/>
  <system-out/>
</testsuite> <!-- SeleniumProgram.DataProvider_Ex -->
