<?xml version="1.0" encoding="UTF-8"?>
<!-- Generated by org.testng.reporters.JUnitReportReporter -->
<testsuite hostname="DESKTOP-TAL6K7K" failures="0" tests="3" name="Amazon_Ten_Scenarios.TC3" time="254.733" errors="0" timestamp="2024-06-25T00:56:20 IST" skipped="0">
  <testcase classname="Amazon_Ten_Scenarios.TC3" name="selectMouse" time="75.220"/>
  <system-out/>
  <testcase classname="Amazon_Ten_Scenarios.TC3" name="selectMouse" time="90.448"/>
  <system-out/>
  <testcase classname="Amazon_Ten_Scenarios.TC3" name="selectMouse" time="89.065"/>
  <system-out/>
</testsuite> <!-- Amazon_Ten_Scenarios.TC3 -->
