<?xml version="1.0" encoding="UTF-8"?>
<!-- Generated by org.testng.reporters.JUnitReportReporter -->
<testsuite hostname="DESKTOP-TAL6K7K" failures="0" tests="1" name="SeleniumProgram.Prog1" time="6.389" errors="0" timestamp="2024-06-24T00:01:59 IST" skipped="0">
  <testcase classname="SeleniumProgram.Prog1" name="login_Amazon" time="6.389"/>
  <system-out/>
</testsuite> <!-- SeleniumProgram.Prog1 -->
