<?xml version="1.0" encoding="UTF-8"?>
<!-- Generated by org.testng.reporters.JUnitReportReporter -->
<testsuite hostname="DESKTOP-TAL6K7K" failures="0" tests="1" name="SeleniumProgram.Prog4" time="0.001" errors="0" timestamp="2024-06-13T19:40:12 IST" skipped="0">
  <testcase classname="SeleniumProgram.Prog4" name="AddtoCart" time="0.001"/>
  <system-out/>
</testsuite> <!-- SeleniumProgram.Prog4 -->
