<?xml version="1.0" encoding="UTF-8"?>
<!-- Generated by org.testng.reporters.JUnitReportReporter -->
<testsuite hostname="DESKTOP-TAL6K7K" failures="0" tests="3" name="Amazon_Ten_Scenarios.TC2" time="174.398" errors="0" timestamp="2024-06-25T00:56:20 IST" skipped="0">
  <testcase classname="Amazon_Ten_Scenarios.TC2" name="selectmobile" time="50.131"/>
  <system-out/>
  <testcase classname="Amazon_Ten_Scenarios.TC2" name="selectmobile" time="50.200"/>
  <system-out/>
  <testcase classname="Amazon_Ten_Scenarios.TC2" name="selectmobile" time="74.067"/>
  <system-out/>
</testsuite> <!-- Amazon_Ten_Scenarios.TC2 -->
